{"timestamp":"2025-11-10T22:35:56.802Z","level":"INFO","message":"Bot is ready","username":"LunchCLOUD Bot#5537"}
{"timestamp":"2025-11-10T22:35:56.806Z","level":"INFO","message":"Registering slash commands..."}
{"timestamp":"2025-11-10T22:35:56.806Z","level":"INFO","message":"Setting up task notification scheduler..."}
{"timestamp":"2025-11-10T22:35:56.806Z","level":"INFO","message":"Task notification scheduler initialized"}
(node:24610) DeprecationWarning: The ready event has been renamed to clientReady to distinguish it from the gateway READY event and will only emit under that name in v15. Please use clientReady instead.
(Use `node --trace-deprecation ...` to show where the warning was created)
{"timestamp":"2025-11-10T22:35:57.238Z","level":"INFO","message":"Successfully registered slash commands"}
{"timestamp":"2025-11-10T22:36:26.917Z","level":"INFO","message":"Running notification checks..."}
{"timestamp":"2025-11-10T22:36:27.480Z","level":"INFO","message":"Checked overdue tasks","tasksFound":1,"usersNotified":1}
{"timestamp":"2025-11-10T22:36:27.796Z","level":"INFO","message":"Notification checks completed"}
{"timestamp":"2025-11-10T22:36:27.796Z","level":"INFO","message":"Initial notification check completed"}
{"timestamp":"2025-11-10T22:40:56.983Z","level":"INFO","message":"Checked overdue tasks","tasksFound":1,"usersNotified":1}
{"timestamp":"2025-11-10T22:45:57.000Z","level":"INFO","message":"Checked overdue tasks","tasksFound":1,"usersNotified":1}
{"timestamp":"2025-11-10T22:50:56.971Z","level":"INFO","message":"Checked overdue tasks","tasksFound":1,"usersNotified":1}
{"timestamp":"2025-11-10T22:55:56.956Z","level":"INFO","message":"Checked overdue tasks","tasksFound":1,"usersNotified":1}
{"timestamp":"2025-11-10T23:00:57.008Z","level":"INFO","message":"Checked overdue tasks","tasksFound":1,"usersNotified":1}
{"timestamp":"2025-11-10T23:00:58.173Z","level":"INFO","message":"Discord DM sent","discordUserId":"1189634658695135343"}
{"timestamp":"2025-11-10T23:00:58.286Z","level":"INFO","message":"Daily summary sent","userId":"FirLu3y5fQaBV0zyVDypSy0HTED2","discordUserId":"1189634658695135343","completedToday":0,"dueTasks":0,"overdueTasks":0,"incompleteTasks":3}
{"timestamp":"2025-11-10T23:00:59.389Z","level":"INFO","message":"Discord DM sent","discordUserId":"1324479708028731472"}
{"timestamp":"2025-11-10T23:00:59.476Z","level":"INFO","message":"Daily summary sent","userId":"TjWRACUqrCZKfgVTdBLYVWnUvbF2","discordUserId":"1324479708028731472","completedToday":0,"dueTasks":0,"overdueTasks":0,"incompleteTasks":0}
{"timestamp":"2025-11-10T23:05:56.978Z","level":"INFO","message":"Checked overdue tasks","tasksFound":1,"usersNotified":1}
{"timestamp":"2025-11-10T23:10:55.878Z","level":"ERROR","message":"Command error","command":"redeem","error":"Unknown interaction","stack":"DiscordAPIError[10062]: Unknown interaction\n    at handleErrors (/Users/omar/Lunchbox-1/discord-bot/node_modules/@discordjs/rest/dist/index.js:762:13)\n    at process.processTicksAndRejections (node:internal/process/task_queues:105:5)\n    at async BurstHandler.runRequest (/Users/omar/Lunchbox-1/discord-bot/node_modules/@discordjs/rest/dist/index.js:866:23)\n    at async _REST.request (/Users/omar/Lunchbox-1/discord-bot/node_modules/@discordjs/rest/dist/index.js:1307:22)\n    at async ChatInputCommandInteraction.deferReply (/Users/omar/Lunchbox-1/discord-bot/node_modules/discord.js/src/structures/interfaces/InteractionResponses.js:122:22)\n    at async handleRedeem (/Users/omar/Lunchbox-1/discord-bot/bot.js:780:3)\n    at async Client.<anonymous> (/Users/omar/Lunchbox-1/discord-bot/bot.js:520:7)"}
{"timestamp":"2025-11-10T23:10:55.879Z","level":"ERROR","message":"Command failed: redeem","command":"redeem","userId":"1189634658695135343","username":"annoyingalarm21","success":false,"error":"Unknown interaction"}
(node:24610) Warning: Supplying "ephemeral" for interaction response options is deprecated. Utilize flags instead.
{"timestamp":"2025-11-10T23:10:56.121Z","level":"ERROR","message":"Uncaught exception","error":"Interaction has already been acknowledged.","stack":"DiscordAPIError[40060]: Interaction has already been acknowledged.\n    at handleErrors (/Users/omar/Lunchbox-1/discord-bot/node_modules/@discordjs/rest/dist/index.js:762:13)\n    at process.processTicksAndRejections (node:internal/process/task_queues:105:5)\n    at async BurstHandler.runRequest (/Users/omar/Lunchbox-1/discord-bot/node_modules/@discordjs/rest/dist/index.js:866:23)\n    at async _REST.request (/Users/omar/Lunchbox-1/discord-bot/node_modules/@discordjs/rest/dist/index.js:1307:22)\n    at async ChatInputCommandInteraction.reply (/Users/omar/Lunchbox-1/discord-bot/node_modules/discord.js/src/structures/interfaces/InteractionResponses.js:193:22)\n    at async Client.<anonymous> (/Users/omar/Lunchbox-1/discord-bot/bot.js:577:7)"}
